[13/05/2015 - 19:21:37] : Iniciando a execução.
[13/05/2015 - 19:21:37] : Tamanho da instância 10
[13/05/2015 - 19:21:37] : Iniciando a execução do algoritmo guloso
[13/05/2015 - 19:21:37] : Resultado escrito no arquivo ../outputs/outputs.txt

[13/05/2015 - 19:21:37] : Finalizando a execução.
[13/05/2015 - 19:21:37] : ***** Dados da execucao *****
[13/05/2015 - 19:21:37] : Data/Hora de Inicio: 13/05/2015 - 19:21:37
[13/05/2015 - 19:21:37] : Data/Hora de Termino: 13/05/2015 - 19:21:37
[13/05/2015 - 19:21:37] : Duracao: 00h:00m:00s
[13/05/2015 - 19:22:45] : Iniciando a execução.
[13/05/2015 - 19:22:45] : Tamanho da instância 50
[13/05/2015 - 19:22:45] : Iniciando a execução do algoritmo guloso
[13/05/2015 - 19:22:45] : Resultado escrito no arquivo ../outputs/outputs.txt

[13/05/2015 - 19:22:45] : Finalizando a execução.
[13/05/2015 - 19:22:45] : ***** Dados da execucao *****
[13/05/2015 - 19:22:45] : Data/Hora de Inicio: 13/05/2015 - 19:22:45
[13/05/2015 - 19:22:45] : Data/Hora de Termino: 13/05/2015 - 19:22:45
[13/05/2015 - 19:22:45] : Duracao: 00h:00m:00s
[13/05/2015 - 19:23:21] : Iniciando a execução.
[13/05/2015 - 19:23:21] : Tamanho da instância 100
[13/05/2015 - 19:23:21] : Iniciando a execução do algoritmo guloso
[13/05/2015 - 19:23:21] : Resultado escrito no arquivo ../outputs/outputs.txt

[13/05/2015 - 19:23:21] : Finalizando a execução.
[13/05/2015 - 19:23:21] : ***** Dados da execucao *****
[13/05/2015 - 19:23:21] : Data/Hora de Inicio: 13/05/2015 - 19:23:21
[13/05/2015 - 19:23:21] : Data/Hora de Termino: 13/05/2015 - 19:23:21
[13/05/2015 - 19:23:21] : Duracao: 00h:00m:00s
[13/05/2015 - 19:24:11] : Iniciando a execução.
[13/05/2015 - 19:24:11] : Tamanho da instância 300
[13/05/2015 - 19:24:11] : Iniciando a execução do algoritmo guloso
[13/05/2015 - 19:24:11] : Resultado escrito no arquivo ../outputs/outputs.txt

[13/05/2015 - 19:24:11] : Finalizando a execução.
[13/05/2015 - 19:24:11] : ***** Dados da execucao *****
[13/05/2015 - 19:24:11] : Data/Hora de Inicio: 13/05/2015 - 19:24:11
[13/05/2015 - 19:24:11] : Data/Hora de Termino: 13/05/2015 - 19:24:11
[13/05/2015 - 19:24:11] : Duracao: 00h:00m:00s
[13/05/2015 - 19:24:56] : Iniciando a execução.
[13/05/2015 - 19:24:56] : Tamanho da instância 500
[13/05/2015 - 19:24:56] : Iniciando a execução do algoritmo guloso
[13/05/2015 - 19:24:56] : Resultado escrito no arquivo ../outputs/outputs.txt

[13/05/2015 - 19:24:56] : Finalizando a execução.
[13/05/2015 - 19:24:56] : ***** Dados da execucao *****
[13/05/2015 - 19:24:56] : Data/Hora de Inicio: 13/05/2015 - 19:24:56
[13/05/2015 - 19:24:56] : Data/Hora de Termino: 13/05/2015 - 19:24:56
[13/05/2015 - 19:24:56] : Duracao: 00h:00m:00s
[13/05/2015 - 19:25:52] : Iniciando a execução.
[13/05/2015 - 19:25:52] : Tamanho da instância 800
[13/05/2015 - 19:25:52] : Iniciando a execução do algoritmo guloso
[13/05/2015 - 19:25:52] : Resultado escrito no arquivo ../outputs/outputs.txt

[13/05/2015 - 19:25:52] : Finalizando a execução.
[13/05/2015 - 19:25:52] : ***** Dados da execucao *****
[13/05/2015 - 19:25:52] : Data/Hora de Inicio: 13/05/2015 - 19:25:52
[13/05/2015 - 19:25:52] : Data/Hora de Termino: 13/05/2015 - 19:25:52
[13/05/2015 - 19:25:52] : Duracao: 00h:00m:00s
[13/05/2015 - 19:26:17] : Iniciando a execução.
[13/05/2015 - 19:26:17] : Tamanho da instância 1000
[13/05/2015 - 19:26:17] : Iniciando a execução do algoritmo guloso
[13/05/2015 - 19:26:17] : Resultado escrito no arquivo ../outputs/outputs.txt

[13/05/2015 - 19:26:17] : Finalizando a execução.
[13/05/2015 - 19:26:17] : ***** Dados da execucao *****
[13/05/2015 - 19:26:17] : Data/Hora de Inicio: 13/05/2015 - 19:26:17
[13/05/2015 - 19:26:17] : Data/Hora de Termino: 13/05/2015 - 19:26:17
[13/05/2015 - 19:26:17] : Duracao: 00h:00m:00s
[13/05/2015 - 19:26:59] : Iniciando a execução.
[13/05/2015 - 19:26:59] : Tamanho da instância 10
[13/05/2015 - 19:26:59] : Iniciando a execução do algoritmo guloso
[13/05/2015 - 19:26:59] : Resultado escrito no arquivo ../outputs/outputs.txt

[13/05/2015 - 19:26:59] : Finalizando a execução.
[13/05/2015 - 19:26:59] : ***** Dados da execucao *****
[13/05/2015 - 19:26:59] : Data/Hora de Inicio: 13/05/2015 - 19:26:59
[13/05/2015 - 19:26:59] : Data/Hora de Termino: 13/05/2015 - 19:26:59
[13/05/2015 - 19:26:59] : Duracao: 00h:00m:00s
[13/05/2015 - 19:27:47] : Iniciando a execução.
[13/05/2015 - 19:27:47] : Tamanho da instância 50
[13/05/2015 - 19:27:47] : Iniciando a execução do algoritmo guloso
[13/05/2015 - 19:27:47] : Resultado escrito no arquivo ../outputs/outputs.txt

[13/05/2015 - 19:27:47] : Finalizando a execução.
[13/05/2015 - 19:27:47] : ***** Dados da execucao *****
[13/05/2015 - 19:27:47] : Data/Hora de Inicio: 13/05/2015 - 19:27:47
[13/05/2015 - 19:27:47] : Data/Hora de Termino: 13/05/2015 - 19:27:47
[13/05/2015 - 19:27:47] : Duracao: 00h:00m:00s
[13/05/2015 - 19:28:06] : Iniciando a execução.
[13/05/2015 - 19:28:06] : Tamanho da instância 50
[13/05/2015 - 19:28:06] : Iniciando a execução do algoritmo guloso
[13/05/2015 - 19:28:06] : Resultado escrito no arquivo ../outputs/outputs.txt

[13/05/2015 - 19:28:06] : Finalizando a execução.
[13/05/2015 - 19:28:06] : ***** Dados da execucao *****
[13/05/2015 - 19:28:06] : Data/Hora de Inicio: 13/05/2015 - 19:28:06
[13/05/2015 - 19:28:06] : Data/Hora de Termino: 13/05/2015 - 19:28:06
[13/05/2015 - 19:28:06] : Duracao: 00h:00m:00s
[13/05/2015 - 19:28:23] : Iniciando a execução.
[13/05/2015 - 19:28:23] : Tamanho da instância 100
[13/05/2015 - 19:28:32] : Iniciando a execução.
[13/05/2015 - 19:28:32] : Tamanho da instância 100
[13/05/2015 - 19:28:32] : Iniciando a execução do algoritmo guloso
[13/05/2015 - 19:28:32] : Resultado escrito no arquivo ../outputs/outputs.txt

[13/05/2015 - 19:28:32] : Finalizando a execução.
[13/05/2015 - 19:28:32] : ***** Dados da execucao *****
[13/05/2015 - 19:28:32] : Data/Hora de Inicio: 13/05/2015 - 19:28:32
[13/05/2015 - 19:28:32] : Data/Hora de Termino: 13/05/2015 - 19:28:32
[13/05/2015 - 19:28:32] : Duracao: 00h:00m:00s
[13/05/2015 - 19:28:44] : Iniciando a execução.
[13/05/2015 - 19:28:44] : Tamanho da instância 50
[13/05/2015 - 19:28:44] : Iniciando a execução do algoritmo guloso
[13/05/2015 - 19:28:44] : Resultado escrito no arquivo ../outputs/outputs.txt

[13/05/2015 - 19:28:44] : Finalizando a execução.
[13/05/2015 - 19:28:44] : ***** Dados da execucao *****
[13/05/2015 - 19:28:44] : Data/Hora de Inicio: 13/05/2015 - 19:28:44
[13/05/2015 - 19:28:44] : Data/Hora de Termino: 13/05/2015 - 19:28:44
[13/05/2015 - 19:28:44] : Duracao: 00h:00m:00s
[13/05/2015 - 19:28:53] : Iniciando a execução.
[13/05/2015 - 19:28:53] : Tamanho da instância 10
[13/05/2015 - 19:28:53] : Iniciando a execução do algoritmo guloso
[13/05/2015 - 19:28:53] : Resultado escrito no arquivo ../outputs/outputs.txt

[13/05/2015 - 19:28:53] : Finalizando a execução.
[13/05/2015 - 19:28:53] : ***** Dados da execucao *****
[13/05/2015 - 19:28:53] : Data/Hora de Inicio: 13/05/2015 - 19:28:53
[13/05/2015 - 19:28:53] : Data/Hora de Termino: 13/05/2015 - 19:28:53
[13/05/2015 - 19:28:53] : Duracao: 00h:00m:00s
[13/05/2015 - 19:29:08] : Iniciando a execução.
[13/05/2015 - 19:29:08] : Tamanho da instância 50
[13/05/2015 - 19:29:08] : Iniciando a execução do algoritmo guloso
[13/05/2015 - 19:29:08] : Resultado escrito no arquivo ../outputs/outputs.txt

[13/05/2015 - 19:29:08] : Finalizando a execução.
[13/05/2015 - 19:29:08] : ***** Dados da execucao *****
[13/05/2015 - 19:29:08] : Data/Hora de Inicio: 13/05/2015 - 19:29:08
[13/05/2015 - 19:29:08] : Data/Hora de Termino: 13/05/2015 - 19:29:08
[13/05/2015 - 19:29:08] : Duracao: 00h:00m:00s
[13/05/2015 - 19:29:28] : Iniciando a execução.
[13/05/2015 - 19:29:28] : Tamanho da instância 100
[13/05/2015 - 19:29:28] : Iniciando a execução do algoritmo guloso
[13/05/2015 - 19:29:28] : Resultado escrito no arquivo ../outputs/outputs.txt

[13/05/2015 - 19:29:28] : Finalizando a execução.
[13/05/2015 - 19:29:28] : ***** Dados da execucao *****
[13/05/2015 - 19:29:28] : Data/Hora de Inicio: 13/05/2015 - 19:29:28
[13/05/2015 - 19:29:28] : Data/Hora de Termino: 13/05/2015 - 19:29:28
[13/05/2015 - 19:29:28] : Duracao: 00h:00m:00s
[13/05/2015 - 19:29:44] : Iniciando a execução.
[13/05/2015 - 19:29:44] : Tamanho da instância 300
[13/05/2015 - 19:29:44] : Iniciando a execução do algoritmo guloso
[13/05/2015 - 19:29:44] : Resultado escrito no arquivo ../outputs/outputs.txt

[13/05/2015 - 19:29:44] : Finalizando a execução.
[13/05/2015 - 19:29:44] : ***** Dados da execucao *****
[13/05/2015 - 19:29:44] : Data/Hora de Inicio: 13/05/2015 - 19:29:44
[13/05/2015 - 19:29:44] : Data/Hora de Termino: 13/05/2015 - 19:29:44
[13/05/2015 - 19:29:44] : Duracao: 00h:00m:00s
[13/05/2015 - 19:30:11] : Iniciando a execução.
[13/05/2015 - 19:30:11] : Tamanho da instância 500
[13/05/2015 - 19:30:11] : Iniciando a execução do algoritmo guloso
[13/05/2015 - 19:30:11] : Resultado escrito no arquivo ../outputs/outputs.txt

[13/05/2015 - 19:30:11] : Finalizando a execução.
[13/05/2015 - 19:30:11] : ***** Dados da execucao *****
[13/05/2015 - 19:30:11] : Data/Hora de Inicio: 13/05/2015 - 19:30:11
[13/05/2015 - 19:30:11] : Data/Hora de Termino: 13/05/2015 - 19:30:11
[13/05/2015 - 19:30:11] : Duracao: 00h:00m:00s
[13/05/2015 - 19:30:25] : Iniciando a execução.
[13/05/2015 - 19:30:25] : Tamanho da instância 100
[13/05/2015 - 19:30:25] : Iniciando a execução do algoritmo guloso
[13/05/2015 - 19:30:25] : Resultado escrito no arquivo ../outputs/outputs.txt

[13/05/2015 - 19:30:25] : Finalizando a execução.
[13/05/2015 - 19:30:25] : ***** Dados da execucao *****
[13/05/2015 - 19:30:25] : Data/Hora de Inicio: 13/05/2015 - 19:30:25
[13/05/2015 - 19:30:25] : Data/Hora de Termino: 13/05/2015 - 19:30:25
[13/05/2015 - 19:30:25] : Duracao: 00h:00m:00s
[13/05/2015 - 19:30:53] : Iniciando a execução.
[13/05/2015 - 19:30:53] : Tamanho da instância 300
[13/05/2015 - 19:30:53] : Iniciando a execução do algoritmo guloso
[13/05/2015 - 19:30:53] : Resultado escrito no arquivo ../outputs/outputs.txt

[13/05/2015 - 19:30:53] : Finalizando a execução.
[13/05/2015 - 19:30:53] : ***** Dados da execucao *****
[13/05/2015 - 19:30:53] : Data/Hora de Inicio: 13/05/2015 - 19:30:53
[13/05/2015 - 19:30:53] : Data/Hora de Termino: 13/05/2015 - 19:30:53
[13/05/2015 - 19:30:53] : Duracao: 00h:00m:00s
[13/05/2015 - 19:31:06] : Iniciando a execução.
[13/05/2015 - 19:31:06] : Tamanho da instância 500
[13/05/2015 - 19:31:06] : Iniciando a execução do algoritmo guloso
[13/05/2015 - 19:31:06] : Resultado escrito no arquivo ../outputs/outputs.txt

[13/05/2015 - 19:31:06] : Finalizando a execução.
[13/05/2015 - 19:31:06] : ***** Dados da execucao *****
[13/05/2015 - 19:31:06] : Data/Hora de Inicio: 13/05/2015 - 19:31:06
[13/05/2015 - 19:31:06] : Data/Hora de Termino: 13/05/2015 - 19:31:06
[13/05/2015 - 19:31:06] : Duracao: 00h:00m:00s
[13/05/2015 - 19:31:36] : Iniciando a execução.
[13/05/2015 - 19:31:36] : Tamanho da instância 800
[13/05/2015 - 19:31:36] : Iniciando a execução do algoritmo guloso
[13/05/2015 - 19:31:36] : Resultado escrito no arquivo ../outputs/outputs.txt

[13/05/2015 - 19:31:36] : Finalizando a execução.
[13/05/2015 - 19:31:36] : ***** Dados da execucao *****
[13/05/2015 - 19:31:36] : Data/Hora de Inicio: 13/05/2015 - 19:31:36
[13/05/2015 - 19:31:36] : Data/Hora de Termino: 13/05/2015 - 19:31:36
[13/05/2015 - 19:31:36] : Duracao: 00h:00m:00s
[13/05/2015 - 19:32:00] : Iniciando a execução.
[13/05/2015 - 19:32:00] : Tamanho da instância 1000
[13/05/2015 - 19:32:00] : Iniciando a execução do algoritmo guloso
[13/05/2015 - 19:32:00] : Resultado escrito no arquivo ../outputs/outputs.txt

[13/05/2015 - 19:32:00] : Finalizando a execução.
[13/05/2015 - 19:32:00] : ***** Dados da execucao *****
[13/05/2015 - 19:32:00] : Data/Hora de Inicio: 13/05/2015 - 19:32:00
[13/05/2015 - 19:32:00] : Data/Hora de Termino: 13/05/2015 - 19:32:00
[13/05/2015 - 19:32:00] : Duracao: 00h:00m:00s
[13/05/2015 - 19:32:44] : Iniciando a execução.
[13/05/2015 - 19:32:44] : Tamanho da instância 9
[13/05/2015 - 19:32:44] : Iniciando a execução do algoritmo de programação dinâmica
[13/05/2015 - 19:32:44] : Resultado escrito no arquivo ../outputs/outputs.txt

[13/05/2015 - 19:32:44] : Finalizando a execução.
[13/05/2015 - 19:32:44] : ***** Dados da execucao *****
[13/05/2015 - 19:32:44] : Data/Hora de Inicio: 13/05/2015 - 19:32:44
[13/05/2015 - 19:32:44] : Data/Hora de Termino: 13/05/2015 - 19:32:44
[13/05/2015 - 19:32:44] : Duracao: 00h:00m:00s
[13/05/2015 - 19:33:15] : Iniciando a execução.
[13/05/2015 - 19:33:15] : Tamanho da instância 10
[13/05/2015 - 19:33:15] : Iniciando a execução do algoritmo de programação dinâmica
[13/05/2015 - 19:33:15] : Resultado escrito no arquivo ../outputs/outputs.txt

[13/05/2015 - 19:33:15] : Finalizando a execução.
[13/05/2015 - 19:33:15] : ***** Dados da execucao *****
[13/05/2015 - 19:33:15] : Data/Hora de Inicio: 13/05/2015 - 19:33:15
[13/05/2015 - 19:33:15] : Data/Hora de Termino: 13/05/2015 - 19:33:15
[13/05/2015 - 19:33:15] : Duracao: 00h:00m:00s
[13/05/2015 - 19:33:22] : Iniciando a execução.
[13/05/2015 - 19:33:22] : Tamanho da instância 10
[13/05/2015 - 19:33:22] : Iniciando a execução do algoritmo de programação dinâmica
[13/05/2015 - 19:33:22] : Resultado escrito no arquivo ../outputs/outputs.txt

[13/05/2015 - 19:33:22] : Finalizando a execução.
[13/05/2015 - 19:33:22] : ***** Dados da execucao *****
[13/05/2015 - 19:33:22] : Data/Hora de Inicio: 13/05/2015 - 19:33:22
[13/05/2015 - 19:33:22] : Data/Hora de Termino: 13/05/2015 - 19:33:22
[13/05/2015 - 19:33:22] : Duracao: 00h:00m:00s
[13/05/2015 - 19:33:39] : Iniciando a execução.
[13/05/2015 - 19:33:39] : Tamanho da instância 50
[13/05/2015 - 19:33:39] : Iniciando a execução do algoritmo de programação dinâmica
[13/05/2015 - 19:33:39] : Resultado escrito no arquivo ../outputs/outputs.txt

[13/05/2015 - 19:33:39] : Finalizando a execução.
[13/05/2015 - 19:33:39] : ***** Dados da execucao *****
[13/05/2015 - 19:33:39] : Data/Hora de Inicio: 13/05/2015 - 19:33:39
[13/05/2015 - 19:33:39] : Data/Hora de Termino: 13/05/2015 - 19:33:39
[13/05/2015 - 19:33:39] : Duracao: 00h:00m:00s
[13/05/2015 - 19:33:54] : Iniciando a execução.
[13/05/2015 - 19:33:54] : Tamanho da instância 100
[13/05/2015 - 19:33:54] : Iniciando a execução do algoritmo de programação dinâmica
[13/05/2015 - 19:33:54] : Resultado escrito no arquivo ../outputs/outputs.txt

[13/05/2015 - 19:33:54] : Finalizando a execução.
[13/05/2015 - 19:33:54] : ***** Dados da execucao *****
[13/05/2015 - 19:33:54] : Data/Hora de Inicio: 13/05/2015 - 19:33:54
[13/05/2015 - 19:33:54] : Data/Hora de Termino: 13/05/2015 - 19:33:54
[13/05/2015 - 19:33:54] : Duracao: 00h:00m:00s
[13/05/2015 - 19:34:27] : Iniciando a execução.
[13/05/2015 - 19:34:27] : Tamanho da instância 100
[13/05/2015 - 19:34:27] : Iniciando a execução do algoritmo de programação dinâmica
[13/05/2015 - 19:34:27] : Resultado escrito no arquivo ../outputs/outputs.txt

[13/05/2015 - 19:34:27] : Finalizando a execução.
[13/05/2015 - 19:34:27] : ***** Dados da execucao *****
[13/05/2015 - 19:34:27] : Data/Hora de Inicio: 13/05/2015 - 19:34:27
[13/05/2015 - 19:34:27] : Data/Hora de Termino: 13/05/2015 - 19:34:27
[13/05/2015 - 19:34:27] : Duracao: 00h:00m:00s
[13/05/2015 - 19:34:50] : Iniciando a execução.
[13/05/2015 - 19:34:50] : Tamanho da instância 300
[13/05/2015 - 19:34:50] : Iniciando a execução do algoritmo de programação dinâmica
[13/05/2015 - 19:34:50] : Resultado escrito no arquivo ../outputs/outputs.txt

[13/05/2015 - 19:34:50] : Finalizando a execução.
[13/05/2015 - 19:34:50] : ***** Dados da execucao *****
[13/05/2015 - 19:34:50] : Data/Hora de Inicio: 13/05/2015 - 19:34:50
[13/05/2015 - 19:34:50] : Data/Hora de Termino: 13/05/2015 - 19:34:50
[13/05/2015 - 19:34:50] : Duracao: 00h:00m:00s
[13/05/2015 - 19:35:25] : Iniciando a execução.
[13/05/2015 - 19:35:25] : Tamanho da instância 800
[13/05/2015 - 19:35:25] : Iniciando a execução do algoritmo de programação dinâmica
[13/05/2015 - 19:35:28] : Resultado escrito no arquivo ../outputs/outputs.txt

[13/05/2015 - 19:35:28] : Finalizando a execução.
[13/05/2015 - 19:35:28] : ***** Dados da execucao *****
[13/05/2015 - 19:35:28] : Data/Hora de Inicio: 13/05/2015 - 19:35:25
[13/05/2015 - 19:35:28] : Data/Hora de Termino: 13/05/2015 - 19:35:28
[13/05/2015 - 19:35:28] : Duracao: 00h:00m:03s
[13/05/2015 - 19:35:47] : Iniciando a execução.
[13/05/2015 - 19:35:47] : Tamanho da instância 1000
[13/05/2015 - 19:35:47] : Iniciando a execução do algoritmo de programação dinâmica
[13/05/2015 - 19:35:51] : Resultado escrito no arquivo ../outputs/outputs.txt

[13/05/2015 - 19:35:51] : Finalizando a execução.
[13/05/2015 - 19:35:51] : ***** Dados da execucao *****
[13/05/2015 - 19:35:51] : Data/Hora de Inicio: 13/05/2015 - 19:35:47
[13/05/2015 - 19:35:51] : Data/Hora de Termino: 13/05/2015 - 19:35:51
[13/05/2015 - 19:35:51] : Duracao: 00h:00m:04s
