[14/06/2015 - 16:02:41] : Iniciando a execução.
[14/06/2015 - 16:02:41] : Everything is gonna be alright

[14/06/2015 - 16:02:41] : Finalizando a execução.
[14/06/2015 - 16:02:41] : ***** Dados da execucao *****
[14/06/2015 - 16:02:41] : Data/Hora de Inicio: 14/06/2015 - 16:02:41
[14/06/2015 - 16:02:41] : Data/Hora de Termino: 14/06/2015 - 16:02:41
[14/06/2015 - 16:02:41] : Duracao: 00h:00m:00s
[15/06/2015 - 23:08:57] : Iniciando a execução.
[15/06/2015 - 23:08:57] : Everything is gonna be alright

[15/06/2015 - 23:08:57] : Finalizando a execução.
[15/06/2015 - 23:08:57] : ***** Dados da execucao *****
[15/06/2015 - 23:08:57] : Data/Hora de Inicio: 15/06/2015 - 23:08:57
[15/06/2015 - 23:08:57] : Data/Hora de Termino: 15/06/2015 - 23:08:57
[15/06/2015 - 23:08:57] : Duracao: 00h:00m:00s
[15/06/2015 - 23:10:12] : Iniciando a execução.
[15/06/2015 - 23:10:12] : Everything is gonna be alright

[15/06/2015 - 23:10:12] : Finalizando a execução.
[15/06/2015 - 23:10:12] : ***** Dados da execucao *****
[15/06/2015 - 23:10:12] : Data/Hora de Inicio: 15/06/2015 - 23:10:12
[15/06/2015 - 23:10:12] : Data/Hora de Termino: 15/06/2015 - 23:10:12
[15/06/2015 - 23:10:12] : Duracao: 00h:00m:00s
[15/06/2015 - 23:11:21] : Iniciando a execução.
[15/06/2015 - 23:11:21] : 
[15/06/2015 - 23:11:21] : Everything is gonna be alright

[15/06/2015 - 23:11:21] : Finalizando a execução.
[15/06/2015 - 23:11:21] : ***** Dados da execucao *****
[15/06/2015 - 23:11:21] : Data/Hora de Inicio: 15/06/2015 - 23:11:21
[15/06/2015 - 23:11:21] : Data/Hora de Termino: 15/06/2015 - 23:11:21
[15/06/2015 - 23:11:21] : Duracao: 00h:00m:00s
[15/06/2015 - 23:12:45] : Iniciando a execução.
[15/06/2015 - 23:12:45] : 
[15/06/2015 - 23:12:45] : Everything is gonna be alright

[15/06/2015 - 23:12:45] : Finalizando a execução.
[15/06/2015 - 23:12:45] : ***** Dados da execucao *****
[15/06/2015 - 23:12:45] : Data/Hora de Inicio: 15/06/2015 - 23:12:45
[15/06/2015 - 23:12:45] : Data/Hora de Termino: 15/06/2015 - 23:12:45
[15/06/2015 - 23:12:45] : Duracao: 00h:00m:00s
[15/06/2015 - 23:13:46] : Iniciando a execução.
[15/06/2015 - 23:14:50] : Vertex{name=1, cost=0, visited=false, previous=NULL, neighbors={}}
[15/06/2015 - 23:15:04] : Everything is gonna be alright

[15/06/2015 - 23:16:43] : Finalizando a execução.
[15/06/2015 - 23:16:50] : ***** Dados da execucao *****
[15/06/2015 - 23:16:50] : Data/Hora de Inicio: 15/06/2015 - 23:13:43
[15/06/2015 - 23:16:50] : Data/Hora de Termino: 15/06/2015 - 23:16:44
[15/06/2015 - 23:16:50] : Duracao: 00h:03m:01s
[15/06/2015 - 23:20:11] : Iniciando a execução.
[15/06/2015 - 23:20:11] : Vertex{name=1, cost=0, visited=false, previous=NULL, neighbors={}}
[15/06/2015 - 23:20:11] : Vertex{name=2, cost=0, visited=false, previous=NULL, neighbors={}}
[15/06/2015 - 23:20:11] : Everything is gonna be alright

[15/06/2015 - 23:20:11] : Finalizando a execução.
[15/06/2015 - 23:20:11] : ***** Dados da execucao *****
[15/06/2015 - 23:20:11] : Data/Hora de Inicio: 15/06/2015 - 23:20:11
[15/06/2015 - 23:20:11] : Data/Hora de Termino: 15/06/2015 - 23:20:11
[15/06/2015 - 23:20:11] : Duracao: 00h:00m:00s
[15/06/2015 - 23:30:21] : Iniciando a execução.
[15/06/2015 - 23:30:21] : Vertex{name=1, cost=0, visited=false, previous=NULL, neighbors={}}
[15/06/2015 - 23:30:21] : Vertex{name=2, cost=0, visited=false, previous=NULL, neighbors={}}
[15/06/2015 - 23:30:21] : Everything is gonna be alright

[15/06/2015 - 23:30:21] : Finalizando a execução.
[15/06/2015 - 23:30:21] : ***** Dados da execucao *****
[15/06/2015 - 23:30:21] : Data/Hora de Inicio: 15/06/2015 - 23:30:21
[15/06/2015 - 23:30:21] : Data/Hora de Termino: 15/06/2015 - 23:30:21
[15/06/2015 - 23:30:21] : Duracao: 00h:00m:00s
[16/06/2015 - 00:06:26] : Iniciando a execução.
[16/06/2015 - 00:06:47] : Iniciando a execução.
[16/06/2015 - 00:07:03] : Iniciando a execução.
[16/06/2015 - 00:07:25] : Iniciando a execução.
[16/06/2015 - 00:07:45] : Iniciando a execução.
[16/06/2015 - 00:08:32] : Iniciando a execução.
[16/06/2015 - 00:08:53] : Iniciando a execução.
[16/06/2015 - 00:12:25] : Iniciando a execução.
[16/06/2015 - 00:12:51] : Iniciando a execução.
[16/06/2015 - 00:13:20] : Iniciando a execução.
[16/06/2015 - 00:19:15] : Iniciando a execução.
[16/06/2015 - 00:19:52] : Iniciando a execução.
[16/06/2015 - 00:21:25] : Iniciando a execução.
[16/06/2015 - 00:22:44] : Iniciando a execução.
[16/06/2015 - 00:24:17] : Iniciando a execução.
[16/06/2015 - 00:30:17] : Iniciando a execução.
[16/06/2015 - 00:30:47] : Iniciando a execução.
[16/06/2015 - 00:32:52] : Iniciando a execução.
[16/06/2015 - 00:43:27] : Iniciando a execução.
[16/06/2015 - 00:44:10] : Iniciando a execução.
[16/06/2015 - 20:00:10] : Iniciando a execução.
[16/06/2015 - 20:05:10] : Iniciando a execução.
[16/06/2015 - 20:09:59] : Iniciando a execução.
[16/06/2015 - 20:11:09] : Iniciando a execução.
[16/06/2015 - 20:14:49] : Iniciando a execução.
[16/06/2015 - 20:17:45] : Iniciando a execução.
[16/06/2015 - 20:26:22] : Iniciando a execução.
[16/06/2015 - 20:26:57] : Iniciando a execução.
[16/06/2015 - 20:27:31] : Iniciando a execução.
[16/06/2015 - 20:28:32] : Iniciando a execução.
[16/06/2015 - 20:34:24] : Iniciando a execução.
[16/06/2015 - 21:07:41] : Iniciando a execução.
[16/06/2015 - 21:11:42] : Iniciando a execução.
[16/06/2015 - 21:12:13] : Iniciando a execução.
[16/06/2015 - 21:12:13] : Everything is gonna be alright

[16/06/2015 - 21:12:13] : Finalizando a execução.
[16/06/2015 - 21:12:13] : ***** Dados da execucao *****
[16/06/2015 - 21:12:13] : Data/Hora de Inicio: 16/06/2015 - 21:12:13
[16/06/2015 - 21:12:13] : Data/Hora de Termino: 16/06/2015 - 21:12:13
[16/06/2015 - 21:12:13] : Duracao: 00h:00m:00s
[16/06/2015 - 21:14:41] : Iniciando a execução.
[16/06/2015 - 21:14:41] : Número de vértices: 25

[16/06/2015 - 21:14:41] : Número de vértices: 25
Everything is gonna be alright

[16/06/2015 - 21:14:41] : Finalizando a execução.
[16/06/2015 - 21:14:41] : ***** Dados da execucao *****
[16/06/2015 - 21:14:41] : Data/Hora de Inicio: 16/06/2015 - 21:14:41
[16/06/2015 - 21:14:41] : Data/Hora de Termino: 16/06/2015 - 21:14:41
[16/06/2015 - 21:14:41] : Duracao: 00h:00m:00s
[16/06/2015 - 21:30:23] : Iniciando a execução.
[16/06/2015 - 21:30:23] : Everything is gonna be alright

[16/06/2015 - 21:30:23] : Finalizando a execução.
[16/06/2015 - 21:30:23] : ***** Dados da execucao *****
[16/06/2015 - 21:30:23] : Data/Hora de Inicio: 16/06/2015 - 21:30:23
[16/06/2015 - 21:30:23] : Data/Hora de Termino: 16/06/2015 - 21:30:23
[16/06/2015 - 21:30:23] : Duracao: 00h:00m:00s
[16/06/2015 - 22:16:04] : Iniciando a execução.
[16/06/2015 - 22:18:10] : Iniciando a execução.
[16/06/2015 - 22:20:00] : Iniciando a execução.
[16/06/2015 - 22:20:08] : Iniciando a execução.
[16/06/2015 - 22:20:10] : Iniciando a execução.
[16/06/2015 - 22:20:18] : Iniciando a execução.
[16/06/2015 - 22:20:20] : Iniciando a execução.
[16/06/2015 - 22:20:21] : Iniciando a execução.
[16/06/2015 - 22:20:22] : Iniciando a execução.
[16/06/2015 - 22:20:36] : Iniciando a execução.
[16/06/2015 - 22:20:38] : Iniciando a execução.
[16/06/2015 - 22:20:39] : Iniciando a execução.
[16/06/2015 - 22:21:25] : Iniciando a execução.
[16/06/2015 - 22:21:33] : Iniciando a execução.
[16/06/2015 - 22:22:11] : Iniciando a execução.
[16/06/2015 - 22:23:02] : Iniciando a execução.
[16/06/2015 - 22:23:55] : Iniciando a execução.
[16/06/2015 - 22:27:16] : Iniciando a execução.
[16/06/2015 - 22:29:55] : Iniciando a execução.
[16/06/2015 - 22:30:03] : Iniciando a execução.
[16/06/2015 - 22:31:07] : Iniciando a execução.
[16/06/2015 - 22:32:50] : Iniciando a execução.
[16/06/2015 - 22:33:20] : Iniciando a execução.
[16/06/2015 - 22:38:52] : Iniciando a execução.
[16/06/2015 - 22:38:52] : 
[16/06/2015 - 22:38:52] : Finalizando a execução.
[16/06/2015 - 22:38:52] : ***** Dados da execucao *****
[16/06/2015 - 22:38:52] : Data/Hora de Inicio: 16/06/2015 - 22:38:52
[16/06/2015 - 22:38:52] : Data/Hora de Termino: 16/06/2015 - 22:38:52
[16/06/2015 - 22:38:52] : Duracao: 00h:00m:00s
[16/06/2015 - 22:39:39] : Iniciando a execução.
[16/06/2015 - 22:39:39] : 
[16/06/2015 - 22:39:39] : Finalizando a execução.
[16/06/2015 - 22:39:39] : ***** Dados da execucao *****
[16/06/2015 - 22:39:39] : Data/Hora de Inicio: 16/06/2015 - 22:39:39
[16/06/2015 - 22:39:39] : Data/Hora de Termino: 16/06/2015 - 22:39:39
[16/06/2015 - 22:39:39] : Duracao: 00h:00m:00s
[16/06/2015 - 22:41:55] : Iniciando a execução.
[16/06/2015 - 22:41:55] : 
[16/06/2015 - 22:41:55] : Finalizando a execução.
[16/06/2015 - 22:41:55] : ***** Dados da execucao *****
[16/06/2015 - 22:41:55] : Data/Hora de Inicio: 16/06/2015 - 22:41:55
[16/06/2015 - 22:41:55] : Data/Hora de Termino: 16/06/2015 - 22:41:55
[16/06/2015 - 22:41:55] : Duracao: 00h:00m:00s
[16/06/2015 - 22:43:43] : Iniciando a execução.
[16/06/2015 - 22:43:43] : Total de vertices: 25

[16/06/2015 - 22:43:43] : Finalizando a execução.
[16/06/2015 - 22:43:43] : ***** Dados da execucao *****
[16/06/2015 - 22:43:43] : Data/Hora de Inicio: 16/06/2015 - 22:43:43
[16/06/2015 - 22:43:43] : Data/Hora de Termino: 16/06/2015 - 22:43:43
[16/06/2015 - 22:43:43] : Duracao: 00h:00m:00s
[16/06/2015 - 22:43:48] : Iniciando a execução.
[16/06/2015 - 22:43:48] : Total de vertices: 25

[16/06/2015 - 22:43:48] : Finalizando a execução.
[16/06/2015 - 22:43:48] : ***** Dados da execucao *****
[16/06/2015 - 22:43:48] : Data/Hora de Inicio: 16/06/2015 - 22:43:48
[16/06/2015 - 22:43:48] : Data/Hora de Termino: 16/06/2015 - 22:43:48
[16/06/2015 - 22:43:48] : Duracao: 00h:00m:00s
[16/06/2015 - 22:46:13] : Iniciando a execução.
[16/06/2015 - 22:46:13] : Total de vertices: 25
Total de vertices honesto: 10

[16/06/2015 - 22:46:13] : Finalizando a execução.
[16/06/2015 - 22:46:13] : ***** Dados da execucao *****
[16/06/2015 - 22:46:13] : Data/Hora de Inicio: 16/06/2015 - 22:46:13
[16/06/2015 - 22:46:13] : Data/Hora de Termino: 16/06/2015 - 22:46:13
[16/06/2015 - 22:46:13] : Duracao: 00h:00m:00s
[16/06/2015 - 22:59:22] : Iniciando a execução.
[16/06/2015 - 22:59:22] : Total de vertices: 25
Total de vertices honesto: 10

[16/06/2015 - 22:59:22] : Finalizando a execução.
[16/06/2015 - 22:59:22] : ***** Dados da execucao *****
[16/06/2015 - 22:59:22] : Data/Hora de Inicio: 16/06/2015 - 22:59:22
[16/06/2015 - 22:59:22] : Data/Hora de Termino: 16/06/2015 - 22:59:22
[16/06/2015 - 22:59:22] : Duracao: 00h:00m:00s
